none,../traces/uav/p01/1,1,proj,states-all,send-create,,INIT_APPLICBLE,0,1,,NOT_INIT_APPLICABLE,0,1,,PRIVATELY_DEPENDENT,0,1,,PRIVATELY_INDEPENDENT,0,1,,PRIVATELY_DETERMINISTIC,0,1,,PRIVATELY_NONDETERMINISTIC,0,1,
none,../traces/uav/p01/1,1,proj,states-all,send-create,,INIT_APPLICBLE,0,1,,NOT_INIT_APPLICABLE,0,1,,PRIVATELY_DEPENDENT,0,1,,PRIVATELY_INDEPENDENT,0,1,,PRIVATELY_DETERMINISTIC,0,1,,PRIVATELY_NONDETERMINISTIC,0,1,
none,../traces/logistics-small-factored/probLOGISTICS-4-0/1,0,proj,states-all,send-create,,INIT_APPLICBLE,0,0,,NOT_INIT_APPLICABLE,0,0,,PRIVATELY_DEPENDENT,0,0,,PRIVATELY_INDEPENDENT,0,0,,PRIVATELY_DETERMINISTIC,0,0,,PRIVATELY_NONDETERMINISTIC,0,0,
none,../traces/logistics-small-factored/probLOGISTICS-4-0/1,1,proj,states-all,send-create,,INIT_APPLICBLE,0,0,,NOT_INIT_APPLICABLE,0,0,,PRIVATELY_DEPENDENT,0,0,,PRIVATELY_INDEPENDENT,0,0,,PRIVATELY_DETERMINISTIC,0,0,,PRIVATELY_NONDETERMINISTIC,0,0,
none,../test-traces/init-applicable,1,proj,states-all,send-create,,INIT_APPLICBLE,1,1,,NOT_INIT_APPLICABLE,1,1,,PRIVATELY_DEPENDENT,0,2,,PRIVATELY_INDEPENDENT,0,0,,PRIVATELY_DETERMINISTIC,1,1,,PRIVATELY_NONDETERMINISTIC,0,0,
none,../test-traces/privately-independent,1,proj,states-all,send-create,,INIT_APPLICBLE,1,1,,NOT_INIT_APPLICABLE,0,0,,PRIVATELY_DEPENDENT,0,0,,PRIVATELY_INDEPENDENT,1,1,,PRIVATELY_DETERMINISTIC,1,1,,PRIVATELY_NONDETERMINISTIC,0,0,
none,../test-traces/privately-dependent,1,proj,states-all,send-create,,INIT_APPLICBLE,1,0,,NOT_INIT_APPLICABLE,0,1,,PRIVATELY_DEPENDENT,0,0,,PRIVATELY_INDEPENDENT,1,1,,PRIVATELY_DETERMINISTIC,1,1,,PRIVATELY_NONDETERMINISTIC,0,0,
none,../test-traces/privately-deterministic,1,proj,states-all,send-create,,INIT_APPLICBLE,0,0,,NOT_INIT_APPLICABLE,1,1,,PRIVATELY_DEPENDENT,0,0,,PRIVATELY_INDEPENDENT,1,1,,PRIVATELY_DETERMINISTIC,1,0,,PRIVATELY_NONDETERMINISTIC,0,1,
none,../test-traces/privately-nondeterministic,1,proj,states-all,send-create,,INIT_APPLICBLE,0,1,,NOT_INIT_APPLICABLE,0,0,,PRIVATELY_DEPENDENT,0,1,,PRIVATELY_INDEPENDENT,0,0,,PRIVATELY_DETERMINISTIC,1,0,,PRIVATELY_NONDETERMINISTIC,0,1,
none,../test-traces/privately-nondeterministic,1,proj,states-all,send-create,false,INIT_APPLICBLE,0,1,NOT_INIT_APPLICABLE,0,0,PRIVATELY_DEPENDENT,0,1,PRIVATELY_INDEPENDENT,0,0,PRIVATELY_DETERMINISTIC,1,0,PRIVATELY_NONDETERMINISTIC,0,1,
none,../test-traces/privately-dependent,1,proj,states-all,send-create,false,INIT_APPLICBLE,1,0,NOT_INIT_APPLICABLE,0,1,PRIVATELY_DEPENDENT,0,0,PRIVATELY_INDEPENDENT,1,1,PRIVATELY_DETERMINISTIC,1,1,PRIVATELY_NONDETERMINISTIC,0,0,
none,../test-traces/privately-dependent,1,proj,states-all,send-create,false,INIT_APPLICBLE,1,0,NOT_INIT_APPLICABLE,0,1,PRIVATELY_DEPENDENT,0,0,PRIVATELY_INDEPENDENT,1,1,PRIVATELY_DETERMINISTIC,1,1,PRIVATELY_NONDETERMINISTIC,0,0,
none,../test-traces/privately-dependent,1,proj,states-all,send-create,false,INIT_APPLICBLE,1,0,NOT_INIT_APPLICABLE,0,1,PRIVATELY_DEPENDENT,0,0,PRIVATELY_INDEPENDENT,1,1,PRIVATELY_DETERMINISTIC,1,1,PRIVATELY_NONDETERMINISTIC,0,0,
none,../test-traces/privately-dependent,1,proj,states-all,send-create,false,INIT_APPLICBLE,1,0,NOT_INIT_APPLICABLE,0,1,PRIVATELY_DEPENDENT,0,0,PRIVATELY_INDEPENDENT,1,1,PRIVATELY_DETERMINISTIC,1,1,PRIVATELY_NONDETERMINISTIC,0,0,
none,../test-traces/privately-dependent,1,proj,states-all,send-create,false,INIT_APPLICBLE,1,0,NOT_INIT_APPLICABLE,0,1,PRIVATELY_DEPENDENT,0,0,PRIVATELY_INDEPENDENT,1,1,PRIVATELY_DETERMINISTIC,1,1,PRIVATELY_NONDETERMINISTIC,0,0,
none,../test-traces/privately-dependent,1,proj,states-all,send-create,false,INIT_APPLICBLE,1,0,NOT_INIT_APPLICABLE,0,1,PRIVATELY_DEPENDENT,0,0,PRIVATELY_INDEPENDENT,1,1,PRIVATELY_DETERMINISTIC,1,1,PRIVATELY_NONDETERMINISTIC,0,0,
none,../test-traces/privately-dependent,1,proj,states-all,send-create,false,INIT_APPLICBLE,1,0,NOT_INIT_APPLICABLE,0,1,PRIVATELY_DEPENDENT,0,0,PRIVATELY_INDEPENDENT,1,1,PRIVATELY_DETERMINISTIC,1,1,PRIVATELY_NONDETERMINISTIC,0,0,
none,../test-traces/privately-dependent,1,proj,states-all,send-create,false,INIT_APPLICBLE,1,0,NOT_INIT_APPLICABLE,0,1,PRIVATELY_DEPENDENT,0,0,PRIVATELY_INDEPENDENT,1,1,PRIVATELY_DETERMINISTIC,1,1,PRIVATELY_NONDETERMINISTIC,0,0,
none,../test-traces/privately-dependent,1,proj,states-all,send-create,false,INIT_APPLICBLE,1,1,NOT_INIT_APPLICABLE,0,1,PRIVATELY_DEPENDENT,0,1,PRIVATELY_INDEPENDENT,1,1,PRIVATELY_DETERMINISTIC,1,2,PRIVATELY_NONDETERMINISTIC,0,0,
none,../test-traces/privately-dependent,1,proj,states-all,send-create,false,INIT_APPLICBLE,1,1,NOT_INIT_APPLICABLE,0,1,PRIVATELY_DEPENDENT,0,1,PRIVATELY_INDEPENDENT,1,1,PRIVATELY_DETERMINISTIC,1,2,PRIVATELY_NONDETERMINISTIC,0,0,
none,../test-traces/privately-dependent,1,proj,states-all,send-create,true,INIT_APPLICBLE,1,1,NOT_INIT_APPLICABLE,0,1,PRIVATELY_DEPENDENT,0,1,PRIVATELY_INDEPENDENT,1,1,PRIVATELY_DETERMINISTIC,1,2,PRIVATELY_NONDETERMINISTIC,0,0,
none,../test-traces/privately-dependent,1,proj,states-all,send-create,false,INIT_APPLICBLE,0,1,NOT_INIT_APPLICABLE,1,1,PRIVATELY_DEPENDENT,0,1,PRIVATELY_INDEPENDENT,0,1,PRIVATELY_DETERMINISTIC,1,1,PRIVATELY_NONDETERMINISTIC,0,0,
none,../test-traces/privately-dependent,1,proj,states-all,send-create,false,INIT_APPLICBLE,0,1,NOT_INIT_APPLICABLE,1,1,PRIVATELY_DEPENDENT,0,1,PRIVATELY_INDEPENDENT,1,1,PRIVATELY_DETERMINISTIC,1,1,PRIVATELY_NONDETERMINISTIC,0,0,
none,../test-traces/privately-dependent,1,proj,states-all,send-create,false,INIT_APPLICBLE,0,1,NOT_INIT_APPLICABLE,1,1,PRIVATELY_DEPENDENT,0,1,PRIVATELY_INDEPENDENT,1,1,PRIVATELY_DETERMINISTIC,1,1,PRIVATELY_NONDETERMINISTIC,0,0,
none,../test-traces/privately-dependent,1,proj,states-all,send-create,false,INIT_APPLICBLE,0,1,NOT_INIT_APPLICABLE,1,1,PRIVATELY_DEPENDENT,0,1,PRIVATELY_INDEPENDENT,1,1,PRIVATELY_DETERMINISTIC,1,1,PRIVATELY_NONDETERMINISTIC,0,0,
none,../test-traces/privately-dependent,1,proj,states-all,send-create,false,INIT_APPLICBLE,0,1,NOT_INIT_APPLICABLE,1,1,PRIVATELY_DEPENDENT,0,1,PRIVATELY_INDEPENDENT,1,1,PRIVATELY_DETERMINISTIC,1,1,PRIVATELY_NONDETERMINISTIC,0,0,
none,../test-traces/privately-dependent,1,proj,states-all,send-create,false,INIT_APPLICBLE,0,1,NOT_INIT_APPLICABLE,1,1,PRIVATELY_DEPENDENT,0,1,PRIVATELY_INDEPENDENT,1,1,PRIVATELY_DETERMINISTIC,1,1,PRIVATELY_NONDETERMINISTIC,0,0,
none,../test-traces/privately-dependent,1,proj,states-all,send-create,true,INIT_APPLICBLE,0,1,NOT_INIT_APPLICABLE,0,1,PRIVATELY_DEPENDENT,0,0,PRIVATELY_INDEPENDENT,1,2,PRIVATELY_DETERMINISTIC,1,1,PRIVATELY_NONDETERMINISTIC,0,0,
none,../test-traces/privately-dependent,1,proj,states-all,send-create,false,INIT_APPLICBLE,0,1,NOT_INIT_APPLICABLE,0,1,PRIVATELY_DEPENDENT,1,1,PRIVATELY_INDEPENDENT,1,1,PRIVATELY_DETERMINISTIC,1,1,PRIVATELY_NONDETERMINISTIC,0,0,
none,../test-traces/privately-dependent,1,proj,states-all,send-create,true,INIT_APPLICBLE,0,1,NOT_INIT_APPLICABLE,0,1,PRIVATELY_DEPENDENT,1,1,PRIVATELY_INDEPENDENT,1,1,PRIVATELY_DETERMINISTIC,1,2,PRIVATELY_NONDETERMINISTIC,0,0,
